Using pre-set license
Pro License: NO

 COMMAND LINE ARGUMENTS:
/Applications/Unity/Hub/Editor/2021.1.16f1/Unity.app/Contents/MacOS/Unity
-adb2
-batchMode
-noUpm
-name
AssetImportWorker0
-projectPath
/Users/nikitapestov/Documents/GitHub/Teleport Ninja
-logFile
Logs/AssetImportWorker0.log
-srvPort
57961
Successfully changed project path to: /Users/nikitapestov/Documents/GitHub/Teleport Ninja
/Users/nikitapestov/Documents/GitHub/Teleport Ninja
Using Asset Import Pipeline V2.
Refreshing native plugins compatible for Editor in 194.22 ms, found 4 plugins.
Preloading 0 native plugins for Editor in 0.00 ms.
Initialize engine version: 2021.1.16f1 (5fa502fca597)
[Subsystems] Discovering subsystems at path /Applications/Unity/Hub/Editor/2021.1.16f1/Unity.app/Contents/Resources/UnitySubsystems
[Subsystems] Discovering subsystems at path /Users/nikitapestov/Documents/GitHub/Teleport Ninja/Assets
GfxDevice: creating device client; threaded=0; jobified=0
2022-02-23 14:33:52.260 Unity[21036:3800356] Color LCD preferred device: Intel(R) Iris(TM) Plus Graphics 650 (low power)
2022-02-23 14:33:52.260 Unity[21036:3800356] Metal devices available: 1
2022-02-23 14:33:52.260 Unity[21036:3800356] 0: Intel(R) Iris(TM) Plus Graphics 650 (low power)
2022-02-23 14:33:52.261 Unity[21036:3800356] Using device Intel(R) Iris(TM) Plus Graphics 650 (low power)
Initializing Metal device caps: Intel(R) Iris(TM) Plus Graphics 650
Initialize mono
Mono path[0] = '/Applications/Unity/Hub/Editor/2021.1.16f1/Unity.app/Contents/Managed'
Mono path[1] = '/Applications/Unity/Hub/Editor/2021.1.16f1/Unity.app/Contents/MonoBleedingEdge/lib/mono/unityjit'
Mono config path = '/Applications/Unity/Hub/Editor/2021.1.16f1/Unity.app/Contents/MonoBleedingEdge/etc'
Using monoOptions --debugger-agent=transport=dt_socket,embedding=1,server=y,suspend=n,address=127.0.0.1:56036
Begin MonoManager ReloadAssembly
Registering precompiled unity dll's ...
Register platform support module: /Applications/Unity/Hub/Editor/2021.1.16f1/Unity.app/Contents/PlaybackEngines/MacStandaloneSupport/UnityEditor.OSXStandalone.Extensions.dll
Registered in 0.001632 seconds.
Native extension for OSXStandalone target not found
Refreshing native plugins compatible for Editor in 72.84 ms, found 4 plugins.
Preloading 0 native plugins for Editor in 0.00 ms.
Mono: successfully reloaded assembly
- Completed reload, in  5.657 seconds
Domain Reload Profiling:
	ReloadAssembly (5657ms)
		BeginReloadAssembly (502ms)
			ExecutionOrderSort (0ms)
			DisableScriptedObjects (0ms)
			BackupInstance (0ms)
			ReleaseScriptingObjects (0ms)
			CreateAndSetChildDomain (2ms)
		EndReloadAssembly (676ms)
			LoadAssemblies (502ms)
			RebuildTransferFunctionScriptingTraits (0ms)
			SetupTypeCache (262ms)
			ReleaseScriptCaches (0ms)
			RebuildScriptCaches (60ms)
			SetupLoadedEditorAssemblies (291ms)
				LogAssemblyErrors (0ms)
				InitializePlatformSupportModulesInManaged (8ms)
				SetLoadedEditorAssemblies (0ms)
				RefreshPlugins (73ms)
				BeforeProcessingInitializeOnLoad (2ms)
				ProcessInitializeOnLoadAttributes (167ms)
				ProcessInitializeOnLoadMethodAttributes (41ms)
				AfterProcessingInitializeOnLoad (0ms)
				EditorAssembliesLoaded (0ms)
			ExecutionOrderSort2 (0ms)
			AwakeInstancesAfterBackupRestoration (0ms)
Platform modules already initialized, skipping
Registering precompiled user dll's ...
Registered in 0.032948 seconds.
Begin MonoManager ReloadAssembly
Native extension for OSXStandalone target not found
Refreshing native plugins compatible for Editor in 1.67 ms, found 4 plugins.
Preloading 0 native plugins for Editor in 0.00 ms.
Mono: successfully reloaded assembly
- Completed reload, in  2.707 seconds
Domain Reload Profiling:
	ReloadAssembly (2707ms)
		BeginReloadAssembly (227ms)
			ExecutionOrderSort (0ms)
			DisableScriptedObjects (7ms)
			BackupInstance (0ms)
			ReleaseScriptingObjects (0ms)
			CreateAndSetChildDomain (50ms)
		EndReloadAssembly (2382ms)
			LoadAssemblies (514ms)
			RebuildTransferFunctionScriptingTraits (0ms)
			SetupTypeCache (569ms)
			ReleaseScriptCaches (1ms)
			RebuildScriptCaches (118ms)
			SetupLoadedEditorAssemblies (980ms)
				LogAssemblyErrors (0ms)
				InitializePlatformSupportModulesInManaged (7ms)
				SetLoadedEditorAssemblies (1ms)
				RefreshPlugins (2ms)
				BeforeProcessingInitializeOnLoad (90ms)
				ProcessInitializeOnLoadAttributes (786ms)
				ProcessInitializeOnLoadMethodAttributes (93ms)
				AfterProcessingInitializeOnLoad (2ms)
				EditorAssembliesLoaded (0ms)
			ExecutionOrderSort2 (0ms)
			AwakeInstancesAfterBackupRestoration (8ms)
Platform modules already initialized, skipping
========================================================================
Worker process is ready to serve import requests
Launching external process: /Applications/Unity/Hub/Editor/2021.1.16f1/Unity.app/Contents/Tools/UnityShaderCompiler
Launched and connected shader compiler UnityShaderCompiler after 0.01 seconds
Refreshing native plugins compatible for Editor in 2.26 ms, found 4 plugins.
Preloading 0 native plugins for Editor in 0.00 ms.
Unloading 2845 Unused Serialized files (Serialized files now loaded: 0)
System memory in use before: 279.8 MB.
System memory in use after: 277.8 MB.

Unloading 190 unused Assets to reduce memory usage. Loaded Objects now: 3175.
Total: 11.546474 ms (FindLiveObjects: 0.405375 ms CreateObjectMapping: 0.208866 ms MarkObjects: 10.175798 ms  DeleteObjects: 0.754975 ms)

AssetImportParameters requested are different than current active one (requested -> active):
  custom:video-decoder-ogg-theora: a1e56fd34408186e4bbccfd4996cb3dc -> 
  custom:container-muxer-webm: aa71ff27fc2769a1b78a27578f13a17b -> 
  custom:container-demuxer-webm: 4f35f7cbe854078d1ac9338744f61a02 -> 
  custom:container-demuxer-ogg: 62fdf1f143b41e24485cea50d1cbac27 -> 
  custom:video-encoder-webm-vp8: eb34c28f22e8b96e1ab97ce403110664 -> 
  custom:framework-osx-AVFoundation: b23960f63f64bdc6ff669e2cdcee2391 -> 
  custom:video-decoder-webm-vp8: 9c59270c3fd7afecdb556c50c9e8de78 -> 
  custom:audio-decoder-ogg-vorbis: bf7c407c2cedff20999df2af8eb42d56 -> 
  custom:audio-encoder-webm-vorbis: bf7c407c2cedff20999df2af8eb42d56 -> 
========================================================================
Received Import Request.
  path: Assets/Scripts/AttackMoveController.cs
  artifactKey: Guid(dd404a188132b324399a9e578d1d5596) Importer(815301076,1909f56bfc062723c751e8b465ee728b)
Start importing Assets/Scripts/AttackMoveController.cs using Guid(dd404a188132b324399a9e578d1d5596) Importer(815301076,1909f56bfc062723c751e8b465ee728b)  -> (artifact id: '6f2c7afaa9e4ce221801f1d1a4ee5491') in 0.504758 seconds 
========================================================================
Received Import Request.
  Time since last request: 0.000581 seconds.
  path: Assets/Scenes/Level1.unity
  artifactKey: Guid(53965bfcf15c04499be2da0dd9f7c093) Importer(815301076,1909f56bfc062723c751e8b465ee728b)
Start importing Assets/Scenes/Level1.unity using Guid(53965bfcf15c04499be2da0dd9f7c093) Importer(815301076,1909f56bfc062723c751e8b465ee728b)  -> (artifact id: '5fcd00c68c3fae2176d213274c6b2255') in 0.013899 seconds 
========================================================================
Received Import Request.
  Time since last request: 77.071780 seconds.
  path: Assets/Packages/Standard Assets/CrossPlatformInput/Sprites/ButtonCameraCycleUpSprite.png
  artifactKey: Guid(a3983c59ebf804b4abba687bd7c9e92f) Importer(815301076,1909f56bfc062723c751e8b465ee728b)
Start importing Assets/Packages/Standard Assets/CrossPlatformInput/Sprites/ButtonCameraCycleUpSprite.png using Guid(a3983c59ebf804b4abba687bd7c9e92f) Importer(815301076,1909f56bfc062723c751e8b465ee728b)  -> (artifact id: '1c5f35014e5d30a03d616c674a73c96c') in 0.958080 seconds 
========================================================================
Received Import Request.
  Time since last request: 0.000229 seconds.
  path: Assets/Packages/Joystick Pack/Sprites/Horizontal Backgrounds/Horizontal_Plain.png
  artifactKey: Guid(097782735540f2d4db5606eae04ae6a7) Importer(815301076,1909f56bfc062723c751e8b465ee728b)
Start importing Assets/Packages/Joystick Pack/Sprites/Horizontal Backgrounds/Horizontal_Plain.png using Guid(097782735540f2d4db5606eae04ae6a7) Importer(815301076,1909f56bfc062723c751e8b465ee728b)  -> (artifact id: '30a3f26ded8e5bddfb10e5c440c08df8') in 0.023274 seconds 
========================================================================
Received Import Request.
  Time since last request: 0.000421 seconds.
  path: Assets/Packages/Joystick Pack/Sprites/Handles/Handle_Outline_Arrows.png
  artifactKey: Guid(5eda94a9dcf71e445ad17e3c065d1460) Importer(815301076,1909f56bfc062723c751e8b465ee728b)
Start importing Assets/Packages/Joystick Pack/Sprites/Handles/Handle_Outline_Arrows.png using Guid(5eda94a9dcf71e445ad17e3c065d1460) Importer(815301076,1909f56bfc062723c751e8b465ee728b)  -> (artifact id: 'b7703dc22d27bc30cfc44f3310e1616f') in 0.026258 seconds 
========================================================================
Received Import Request.
  Time since last request: 0.000508 seconds.
  path: Assets/Packages/EnemyVision/Sprites/NoiseFx.png
  artifactKey: Guid(2c03d645111cf5e49b739697f234e121) Importer(815301076,1909f56bfc062723c751e8b465ee728b)
Start importing Assets/Packages/EnemyVision/Sprites/NoiseFx.png using Guid(2c03d645111cf5e49b739697f234e121) Importer(815301076,1909f56bfc062723c751e8b465ee728b)  -> (artifact id: 'af2581df6d8d7feb508dcb05225ac10a') in 0.025091 seconds 
========================================================================
Received Import Request.
  Time since last request: 0.000651 seconds.
  path: Assets/Packages/Joystick Pack/Sprites/Handles/Handle_Ridged.png
  artifactKey: Guid(3a74f678ee8f3bd49aacf3de1ae4bcaa) Importer(815301076,1909f56bfc062723c751e8b465ee728b)
Start importing Assets/Packages/Joystick Pack/Sprites/Handles/Handle_Ridged.png using Guid(3a74f678ee8f3bd49aacf3de1ae4bcaa) Importer(815301076,1909f56bfc062723c751e8b465ee728b)  -> (artifact id: '20c053206b3aa92b3838b91e2720546f') in 0.029916 seconds 
========================================================================
Received Import Request.
  Time since last request: 0.000242 seconds.
  path: Assets/Packages/EnemyVision/Sprites/Characters/police_death_01.png
  artifactKey: Guid(10a342612e9209d4988232f871da0d1c) Importer(815301076,1909f56bfc062723c751e8b465ee728b)
Start importing Assets/Packages/EnemyVision/Sprites/Characters/police_death_01.png using Guid(10a342612e9209d4988232f871da0d1c) Importer(815301076,1909f56bfc062723c751e8b465ee728b)  -> (artifact id: '9ec1dc8134f89ce1dfccff7685c626ae') in 0.034581 seconds 
========================================================================
Received Import Request.
  Time since last request: 0.000227 seconds.
  path: Assets/Packages/Joystick Pack/Sprites/Handles/Handle_Outline.png
  artifactKey: Guid(085185b08a40a924985bc0e4176edea6) Importer(815301076,1909f56bfc062723c751e8b465ee728b)
Start importing Assets/Packages/Joystick Pack/Sprites/Handles/Handle_Outline.png using Guid(085185b08a40a924985bc0e4176edea6) Importer(815301076,1909f56bfc062723c751e8b465ee728b)  -> (artifact id: 'c8d733f3cc5c6eadede9538fdee1bac9') in 0.040251 seconds 
========================================================================
Received Import Request.
  Time since last request: 0.000682 seconds.
  path: Assets/Packages/Joystick Pack/Sprites/Handles/Handle_Ridged_Arrows.png
  artifactKey: Guid(a6c56474666ce0647bdb766e9b4764b3) Importer(815301076,1909f56bfc062723c751e8b465ee728b)
Start importing Assets/Packages/Joystick Pack/Sprites/Handles/Handle_Ridged_Arrows.png using Guid(a6c56474666ce0647bdb766e9b4764b3) Importer(815301076,1909f56bfc062723c751e8b465ee728b)  -> (artifact id: '9a40d08b8f7072d6ace628fe653c7bfb') in 0.031409 seconds 
========================================================================
Received Import Request.
  Time since last request: 0.000251 seconds.
  path: Assets/Packages/EnemyVision/Sprites/Characters/police_idle_09.png
  artifactKey: Guid(fdf03492c72155546a93a09f5c2df8ce) Importer(815301076,1909f56bfc062723c751e8b465ee728b)
Start importing Assets/Packages/EnemyVision/Sprites/Characters/police_idle_09.png using Guid(fdf03492c72155546a93a09f5c2df8ce) Importer(815301076,1909f56bfc062723c751e8b465ee728b)  -> (artifact id: '424dc3f5cbeef1ad81e7c10f2cb55104') in 0.040288 seconds 
========================================================================
Received Import Request.
  Time since last request: 0.000578 seconds.
  path: Assets/Packages/EnemyVision/Sprites/Characters/police_idle_11.png
  artifactKey: Guid(59c2576285a8e2c40bd5ae7812e031f6) Importer(815301076,1909f56bfc062723c751e8b465ee728b)
Start importing Assets/Packages/EnemyVision/Sprites/Characters/police_idle_11.png using Guid(59c2576285a8e2c40bd5ae7812e031f6) Importer(815301076,1909f56bfc062723c751e8b465ee728b)  -> (artifact id: 'de01ec4bbe3d4b6b121dc3de3d91642e') in 0.028861 seconds 
========================================================================
Received Import Request.
  Time since last request: 0.000328 seconds.
  path: Assets/Packages/Standard Assets/CrossPlatformInput/Sprites/ButtonThumbstickOverSprite.png
  artifactKey: Guid(5485e2f56028a3c4cb54f5caa167377e) Importer(815301076,1909f56bfc062723c751e8b465ee728b)
Start importing Assets/Packages/Standard Assets/CrossPlatformInput/Sprites/ButtonThumbstickOverSprite.png using Guid(5485e2f56028a3c4cb54f5caa167377e) Importer(815301076,1909f56bfc062723c751e8b465ee728b)  -> (artifact id: '019f5419c00cd13f784d083ddfb0434e') in 0.034144 seconds 
========================================================================
Received Import Request.
  Time since last request: 0.000359 seconds.
  path: Assets/Packages/EnemyVision/Sprites/Tilemap/tile-slide-corner-left-down.png
  artifactKey: Guid(bb50bdaa94b52cd4fa0168abe21d22cc) Importer(815301076,1909f56bfc062723c751e8b465ee728b)
Start importing Assets/Packages/EnemyVision/Sprites/Tilemap/tile-slide-corner-left-down.png using Guid(bb50bdaa94b52cd4fa0168abe21d22cc) Importer(815301076,1909f56bfc062723c751e8b465ee728b)  -> (artifact id: 'cb6f96be01f74cc5253e36e0fe0731e1') in 0.019673 seconds 
========================================================================
Received Import Request.
  Time since last request: 0.000599 seconds.
  path: Assets/Packages/EnemyVision/Sprites/Circle.png
  artifactKey: Guid(3c439ffed0c3f164bbd777fc2ab0b90d) Importer(815301076,1909f56bfc062723c751e8b465ee728b)
Start importing Assets/Packages/EnemyVision/Sprites/Circle.png using Guid(3c439ffed0c3f164bbd777fc2ab0b90d) Importer(815301076,1909f56bfc062723c751e8b465ee728b)  -> (artifact id: 'afb9a3bb6682d2e23d0e99ac1a0e359a') in 0.020930 seconds 
========================================================================
Received Import Request.
  Time since last request: 0.000265 seconds.
  path: Assets/Packages/EnemyVision/Sprites/Interrogation.png
  artifactKey: Guid(2b32204b0356ede4bbd94f566f2c2db2) Importer(815301076,1909f56bfc062723c751e8b465ee728b)
Start importing Assets/Packages/EnemyVision/Sprites/Interrogation.png using Guid(2b32204b0356ede4bbd94f566f2c2db2) Importer(815301076,1909f56bfc062723c751e8b465ee728b)  -> (artifact id: 'cea898d4ce44f001137c47ac97ccf3a8') in 0.029939 seconds 
========================================================================
Received Import Request.
  Time since last request: 0.000578 seconds.
  path: Assets/Packages/Standard Assets/CrossPlatformInput/Sprites/ButtonTimescaleFullUpSprite.png
  artifactKey: Guid(0c6271a290ef75b4c97d58746c86c5b8) Importer(815301076,1909f56bfc062723c751e8b465ee728b)
Start importing Assets/Packages/Standard Assets/CrossPlatformInput/Sprites/ButtonTimescaleFullUpSprite.png using Guid(0c6271a290ef75b4c97d58746c86c5b8) Importer(815301076,1909f56bfc062723c751e8b465ee728b)  -> (artifact id: 'be2f776874bc74f9dec496d8bc067bf2') in 0.031615 seconds 
========================================================================
Received Import Request.
  Time since last request: 0.000380 seconds.
  path: Assets/Packages/EnemyVision/Sprites/Characters/police_death_04.png
  artifactKey: Guid(8191f572336a3ff46b21ebf11a3fe585) Importer(815301076,1909f56bfc062723c751e8b465ee728b)
Start importing Assets/Packages/EnemyVision/Sprites/Characters/police_death_04.png using Guid(8191f572336a3ff46b21ebf11a3fe585) Importer(815301076,1909f56bfc062723c751e8b465ee728b)  -> (artifact id: '5c287c4e9cdf84f9df9f1a55b49cc717') in 0.066936 seconds 
========================================================================
Received Import Request.
  Time since last request: 0.002028 seconds.
  path: Assets/Packages/EnemyVision/Sprites/Tilemap/tile-slide-left-down.png
  artifactKey: Guid(68bd6f460eb1a1c4b891919cfcf5686b) Importer(815301076,1909f56bfc062723c751e8b465ee728b)
Start importing Assets/Packages/EnemyVision/Sprites/Tilemap/tile-slide-left-down.png using Guid(68bd6f460eb1a1c4b891919cfcf5686b) Importer(815301076,1909f56bfc062723c751e8b465ee728b)  -> (artifact id: '61985e583207be139bcce73145dcfd2f') in 0.048710 seconds 
========================================================================
Received Import Request.
  Time since last request: 0.000403 seconds.
  path: Assets/Packages/Joystick Pack/Sprites/Horizontal Backgrounds/Horizontal_Outline_Arrows.png
  artifactKey: Guid(7927b9032dc11e841af3f9a1353d7ecd) Importer(815301076,1909f56bfc062723c751e8b465ee728b)
Start importing Assets/Packages/Joystick Pack/Sprites/Horizontal Backgrounds/Horizontal_Outline_Arrows.png using Guid(7927b9032dc11e841af3f9a1353d7ecd) Importer(815301076,1909f56bfc062723c751e8b465ee728b)  -> (artifact id: '9762bca682860933e2409891f62bcf1a') in 0.029253 seconds 
========================================================================
Received Import Request.
  Time since last request: 0.000273 seconds.
  path: Assets/Packages/EnemyVision/Sprites/Characters/police_idle_16.png
  artifactKey: Guid(ecf2363270eebf14fa315cbd43391445) Importer(815301076,1909f56bfc062723c751e8b465ee728b)
Start importing Assets/Packages/EnemyVision/Sprites/Characters/police_idle_16.png using Guid(ecf2363270eebf14fa315cbd43391445) Importer(815301076,1909f56bfc062723c751e8b465ee728b)  -> (artifact id: '2e11da1c8247f598eaf7193b4ea6c2ca') in 0.041353 seconds 
========================================================================
Received Import Request.
  Time since last request: 0.000254 seconds.
  path: Assets/Packages/Joystick Pack/Sprites/Horizontal Backgrounds/Horizontal_Ridged_Arrows.png
  artifactKey: Guid(b8467ea5fbaf9ba42908de6411bd443d) Importer(815301076,1909f56bfc062723c751e8b465ee728b)
Start importing Assets/Packages/Joystick Pack/Sprites/Horizontal Backgrounds/Horizontal_Ridged_Arrows.png using Guid(b8467ea5fbaf9ba42908de6411bd443d) Importer(815301076,1909f56bfc062723c751e8b465ee728b)  -> (artifact id: '4cea5a870f2f0c91191a843d2c363f34') in 0.058178 seconds 
========================================================================
Received Import Request.
  Time since last request: 0.000326 seconds.
  path: Assets/Packages/EnemyVision/Sprites/Characters/police_idle_15.png
  artifactKey: Guid(08c2c15c79e7d014c96c4ee56d7cd71d) Importer(815301076,1909f56bfc062723c751e8b465ee728b)
Start importing Assets/Packages/EnemyVision/Sprites/Characters/police_idle_15.png using Guid(08c2c15c79e7d014c96c4ee56d7cd71d) Importer(815301076,1909f56bfc062723c751e8b465ee728b)  -> (artifact id: '9769abfe7ad9552db13d87d0ebca52d2') in 0.040292 seconds 
========================================================================
Received Import Request.
  Time since last request: 0.000390 seconds.
  path: Assets/Packages/EnemyVision/Sprites/Characters/police_death_06.png
  artifactKey: Guid(3ee52021935dc23449b644f2777dd4b5) Importer(815301076,1909f56bfc062723c751e8b465ee728b)
Start importing Assets/Packages/EnemyVision/Sprites/Characters/police_death_06.png using Guid(3ee52021935dc23449b644f2777dd4b5) Importer(815301076,1909f56bfc062723c751e8b465ee728b)  -> (artifact id: '810c2d79f711ac60797abfcc3021bb9a') in 0.039774 seconds 
========================================================================
Received Import Request.
  Time since last request: 0.000353 seconds.
  path: Assets/Packages/Standard Assets/CrossPlatformInput/Sprites/ButtonSpacebarSprite.png
  artifactKey: Guid(3d8675433a508ec47b8f895201eacf20) Importer(815301076,1909f56bfc062723c751e8b465ee728b)
Start importing Assets/Packages/Standard Assets/CrossPlatformInput/Sprites/ButtonSpacebarSprite.png using Guid(3d8675433a508ec47b8f895201eacf20) Importer(815301076,1909f56bfc062723c751e8b465ee728b)  -> (artifact id: '605830356f9bb5e190655743438af134') in 0.039773 seconds 
========================================================================
Received Import Request.
  Time since last request: 0.001664 seconds.
  path: Assets/Packages/EnemyVision/Sprites/Characters/police_idle_08.png
  artifactKey: Guid(843bd24b0c169bd4a95c8d76e153810f) Importer(815301076,1909f56bfc062723c751e8b465ee728b)
Start importing Assets/Packages/EnemyVision/Sprites/Characters/police_idle_08.png using Guid(843bd24b0c169bd4a95c8d76e153810f) Importer(815301076,1909f56bfc062723c751e8b465ee728b)  -> (artifact id: 'b1b4b408b3c15865933b62117f2cf7f1') in 0.047445 seconds 
========================================================================
Received Import Request.
  Time since last request: 0.000217 seconds.
  path: Assets/Packages/EnemyVision/Sprites/Characters/police_idle_14.png
  artifactKey: Guid(b0dfcd0d6684ddd48a6546cb3936aab3) Importer(815301076,1909f56bfc062723c751e8b465ee728b)
Start importing Assets/Packages/EnemyVision/Sprites/Characters/police_idle_14.png using Guid(b0dfcd0d6684ddd48a6546cb3936aab3) Importer(815301076,1909f56bfc062723c751e8b465ee728b)  -> (artifact id: '4d48e14c208fe7b51a980bad40e0d7da') in 0.052509 seconds 
========================================================================
Received Import Request.
  Time since last request: 0.001417 seconds.
  path: Assets/Packages/EnemyVision/Sprites/Characters/police_idle_13.png
  artifactKey: Guid(f1e64dee02dfa314aa40e182b0a4ffb0) Importer(815301076,1909f56bfc062723c751e8b465ee728b)
Start importing Assets/Packages/EnemyVision/Sprites/Characters/police_idle_13.png using Guid(f1e64dee02dfa314aa40e182b0a4ffb0) Importer(815301076,1909f56bfc062723c751e8b465ee728b)  -> (artifact id: '0ff60776d6cdab585c50666323da5b63') in 0.056382 seconds 
========================================================================
Received Import Request.
  Time since last request: 0.000262 seconds.
  path: Assets/Packages/EnemyVision/Sprites/Characters/police_death_05.png
  artifactKey: Guid(2c7fe3235b68cf64cbeba8e5dea6ec96) Importer(815301076,1909f56bfc062723c751e8b465ee728b)
Start importing Assets/Packages/EnemyVision/Sprites/Characters/police_death_05.png using Guid(2c7fe3235b68cf64cbeba8e5dea6ec96) Importer(815301076,1909f56bfc062723c751e8b465ee728b)  -> (artifact id: 'd72b5189bffe2eb6d8773c39b818883b') in 0.049133 seconds 
========================================================================
Received Import Request.
  Time since last request: 0.000286 seconds.
  path: Assets/Packages/Joystick Pack/Sprites/Horizontal Backgrounds/Horizontal_Ridged.png
  artifactKey: Guid(6304ad603f150b649b764d29bbc2a87b) Importer(815301076,1909f56bfc062723c751e8b465ee728b)
Start importing Assets/Packages/Joystick Pack/Sprites/Horizontal Backgrounds/Horizontal_Ridged.png using Guid(6304ad603f150b649b764d29bbc2a87b) Importer(815301076,1909f56bfc062723c751e8b465ee728b)  -> (artifact id: '21e7d3136629bc5250a2ac365931256d') in 0.038404 seconds 
========================================================================
Received Import Request.
  Time since last request: 0.000302 seconds.
  path: Assets/Packages/EnemyVision/Sprites/Tilemap/tile-slide-corner-right.png
  artifactKey: Guid(09691ca67a8d9034ba6f81010c3fa38f) Importer(815301076,1909f56bfc062723c751e8b465ee728b)
Start importing Assets/Packages/EnemyVision/Sprites/Tilemap/tile-slide-corner-right.png using Guid(09691ca67a8d9034ba6f81010c3fa38f) Importer(815301076,1909f56bfc062723c751e8b465ee728b)  -> (artifact id: '120481402f961f6a778e272fde6245f7') in 0.013660 seconds 
========================================================================
Received Import Request.
  Time since last request: 0.000385 seconds.
  path: Assets/Packages/EnemyVision/Sprites/Tilemap/tile-slide-right.png
  artifactKey: Guid(bc5ab3a00dbef2648a95c20d90cae609) Importer(815301076,1909f56bfc062723c751e8b465ee728b)
Start importing Assets/Packages/EnemyVision/Sprites/Tilemap/tile-slide-right.png using Guid(bc5ab3a00dbef2648a95c20d90cae609) Importer(815301076,1909f56bfc062723c751e8b465ee728b)  -> (artifact id: 'cc6cf5ee77f212cfbaebad3ff2d94a8e') in 0.026874 seconds 
========================================================================
Received Import Request.
  Time since last request: 0.000821 seconds.
  path: Assets/Packages/EnemyVision/Sprites/Characters/police_death_02.png
  artifactKey: Guid(b439c78a14c20e948977790a7b9fd870) Importer(815301076,1909f56bfc062723c751e8b465ee728b)
Start importing Assets/Packages/EnemyVision/Sprites/Characters/police_death_02.png using Guid(b439c78a14c20e948977790a7b9fd870) Importer(815301076,1909f56bfc062723c751e8b465ee728b)  -> (artifact id: '714e036d0446be6ed0250a5af41f3f52') in 0.039602 seconds 
========================================================================
Received Import Request.
  Time since last request: 0.000945 seconds.
  path: Assets/Packages/Joystick Pack/Sprites/Handles/Handle_Plain.png
  artifactKey: Guid(010a6e5305fa7004f89c5d317b7b47d4) Importer(815301076,1909f56bfc062723c751e8b465ee728b)
Start importing Assets/Packages/Joystick Pack/Sprites/Handles/Handle_Plain.png using Guid(010a6e5305fa7004f89c5d317b7b47d4) Importer(815301076,1909f56bfc062723c751e8b465ee728b)  -> (artifact id: '4cd1950530c198f0a68c6094d2be105a') in 0.054331 seconds 
========================================================================
Received Import Request.
  Time since last request: 0.000313 seconds.
  path: Assets/Packages/EnemyVision/Sprites/EnemyVisionLogo.png
  artifactKey: Guid(c924c8889bb0dfc46883a7b6d5514de9) Importer(815301076,1909f56bfc062723c751e8b465ee728b)
Start importing Assets/Packages/EnemyVision/Sprites/EnemyVisionLogo.png using Guid(c924c8889bb0dfc46883a7b6d5514de9) Importer(815301076,1909f56bfc062723c751e8b465ee728b)  -> (artifact id: 'cf7eee8a9c288624f044b611c55c22e9') in 0.042637 seconds 
========================================================================
Received Import Request.
  Time since last request: 0.000716 seconds.
  path: Assets/Packages/Standard Assets/CrossPlatformInput/Sprites/TouchpadSprite.png
  artifactKey: Guid(e4f1fee3de32377429fd1348fae62b10) Importer(815301076,1909f56bfc062723c751e8b465ee728b)
Start importing Assets/Packages/Standard Assets/CrossPlatformInput/Sprites/TouchpadSprite.png using Guid(e4f1fee3de32377429fd1348fae62b10) Importer(815301076,1909f56bfc062723c751e8b465ee728b)  -> (artifact id: '6526cdc99b65373222cd20672b6ceef0') in 0.031217 seconds 
========================================================================
Received Import Request.
  Time since last request: 0.000363 seconds.
  path: Assets/Packages/Joystick Pack/Sprites/Horizontal Backgrounds/Horizontal_Outline.png
  artifactKey: Guid(cd0a2c1b2c014ba4c80c1df786e150e9) Importer(815301076,1909f56bfc062723c751e8b465ee728b)
Start importing Assets/Packages/Joystick Pack/Sprites/Horizontal Backgrounds/Horizontal_Outline.png using Guid(cd0a2c1b2c014ba4c80c1df786e150e9) Importer(815301076,1909f56bfc062723c751e8b465ee728b)  -> (artifact id: '51b5f681ef960622032812c1e80c335e') in 0.032319 seconds 
========================================================================
Received Import Request.
  Time since last request: 0.000326 seconds.
  path: Assets/Packages/EnemyVision/Sprites/Tilemap/tile-slide-right-down.png
  artifactKey: Guid(b009aaf79b40ccf4ca9f2e51182e5591) Importer(815301076,1909f56bfc062723c751e8b465ee728b)
Start importing Assets/Packages/EnemyVision/Sprites/Tilemap/tile-slide-right-down.png using Guid(b009aaf79b40ccf4ca9f2e51182e5591) Importer(815301076,1909f56bfc062723c751e8b465ee728b)  -> (artifact id: '07e652b04d9731ea073abf302d7ce6a4') in 0.025827 seconds 
========================================================================
Received Import Request.
  Time since last request: 0.000273 seconds.
  path: Assets/Packages/EnemyVision/Sprites/Tilemap/tile-slide-corner-right-down.png
  artifactKey: Guid(89e671f441dd749438f0505087026e07) Importer(815301076,1909f56bfc062723c751e8b465ee728b)
Start importing Assets/Packages/EnemyVision/Sprites/Tilemap/tile-slide-corner-right-down.png using Guid(89e671f441dd749438f0505087026e07) Importer(815301076,1909f56bfc062723c751e8b465ee728b)  -> (artifact id: '9f66f6ccbe576bf3eba840674a7702b2') in 0.026993 seconds 
========================================================================
Received Import Request.
  Time since last request: 0.000264 seconds.
  path: Assets/Packages/EnemyVision/Sprites/Characters/police_death_00.png
  artifactKey: Guid(4827d236e4ce6194586c81cd87b1ef3f) Importer(815301076,1909f56bfc062723c751e8b465ee728b)
Start importing Assets/Packages/EnemyVision/Sprites/Characters/police_death_00.png using Guid(4827d236e4ce6194586c81cd87b1ef3f) Importer(815301076,1909f56bfc062723c751e8b465ee728b)  -> (artifact id: '0a774b0b093518230ecdcc7d3f5e4f7e') in 0.034424 seconds 
========================================================================
Received Import Request.
  Time since last request: 0.000478 seconds.
  path: Assets/Images/lock.png
  artifactKey: Guid(bed2ddedf7ff3f141ba877d4450dabbc) Importer(815301076,1909f56bfc062723c751e8b465ee728b)
Start importing Assets/Images/lock.png using Guid(bed2ddedf7ff3f141ba877d4450dabbc) Importer(815301076,1909f56bfc062723c751e8b465ee728b)  -> (artifact id: '3628a5b15e3d8150f6a36dabbcc095a6') in 0.032186 seconds 
========================================================================
Received Import Request.
  Time since last request: 0.000336 seconds.
  path: Assets/Packages/EnemyVision/Sprites/Characters/police_idle_10.png
  artifactKey: Guid(be3712574ff5567479714d72a8f79e8f) Importer(815301076,1909f56bfc062723c751e8b465ee728b)
Start importing Assets/Packages/EnemyVision/Sprites/Characters/police_idle_10.png using Guid(be3712574ff5567479714d72a8f79e8f) Importer(815301076,1909f56bfc062723c751e8b465ee728b)  -> (artifact id: 'e5cb4b7193edb9eacac2219c7c68fd02') in 0.025950 seconds 
========================================================================
Received Import Request.
  Time since last request: 0.000536 seconds.
  path: Assets/Packages/Standard Assets/CrossPlatformInput/Sprites/ButtonTimescaleSlowUpSprite.png
  artifactKey: Guid(9d7c6e4896067aa4fa512a00f692ac1c) Importer(815301076,1909f56bfc062723c751e8b465ee728b)
Start importing Assets/Packages/Standard Assets/CrossPlatformInput/Sprites/ButtonTimescaleSlowUpSprite.png using Guid(9d7c6e4896067aa4fa512a00f692ac1c) Importer(815301076,1909f56bfc062723c751e8b465ee728b)  -> (artifact id: '883d971cd992880e634fabd4d749bb75') in 0.028950 seconds 
========================================================================
Received Import Request.
  Time since last request: 0.000419 seconds.
  path: Assets/Packages/EnemyVision/Sprites/Characters/police_death_03.png
  artifactKey: Guid(772763ae2e58dae48921a5b0f3fab676) Importer(815301076,1909f56bfc062723c751e8b465ee728b)
Start importing Assets/Packages/EnemyVision/Sprites/Characters/police_death_03.png using Guid(772763ae2e58dae48921a5b0f3fab676) Importer(815301076,1909f56bfc062723c751e8b465ee728b)  -> (artifact id: '2305724c0fb4b791ef8d53870316bba6') in 0.054958 seconds 
========================================================================
Received Import Request.
  Time since last request: 0.000592 seconds.
  path: Assets/Packages/Joystick Pack/Sprites/Handles/Handle_Plain_Arrows.png
  artifactKey: Guid(f353d42d1db27ff42b78b28efd86b316) Importer(815301076,1909f56bfc062723c751e8b465ee728b)
Start importing Assets/Packages/Joystick Pack/Sprites/Handles/Handle_Plain_Arrows.png using Guid(f353d42d1db27ff42b78b28efd86b316) Importer(815301076,1909f56bfc062723c751e8b465ee728b)  -> (artifact id: 'e45483b159cb23739e9aefe09eddea62') in 0.041493 seconds 
========================================================================
Received Import Request.
  Time since last request: 0.000235 seconds.
  path: Assets/Packages/Standard Assets/CrossPlatformInput/Sprites/ButtonThumbstickUpSprite.png
  artifactKey: Guid(9866a92691696b346901281f2b329034) Importer(815301076,1909f56bfc062723c751e8b465ee728b)
Start importing Assets/Packages/Standard Assets/CrossPlatformInput/Sprites/ButtonThumbstickUpSprite.png using Guid(9866a92691696b346901281f2b329034) Importer(815301076,1909f56bfc062723c751e8b465ee728b)  -> (artifact id: 'd0a5e98e1f2f5c13021a07afd2d40f0d') in 0.028361 seconds 
========================================================================
Received Import Request.
  Time since last request: 0.000369 seconds.
  path: Assets/Sprites/fortnite-skull-kill-png-.png
  artifactKey: Guid(4a3a52d8c366044f69ac8908007ba45e) Importer(815301076,1909f56bfc062723c751e8b465ee728b)
Start importing Assets/Sprites/fortnite-skull-kill-png-.png using Guid(4a3a52d8c366044f69ac8908007ba45e) Importer(815301076,1909f56bfc062723c751e8b465ee728b)  -> (artifact id: 'bc02095461057b93f74afca8e39035ac') in 0.033209 seconds 
========================================================================
Received Import Request.
  Time since last request: 0.000440 seconds.
  path: Assets/Packages/Standard Assets/CrossPlatformInput/Sprites/ButtonResetSprite.png
  artifactKey: Guid(a94c9a7eb94ceec4a8d67a1890e22e51) Importer(815301076,1909f56bfc062723c751e8b465ee728b)
Start importing Assets/Packages/Standard Assets/CrossPlatformInput/Sprites/ButtonResetSprite.png using Guid(a94c9a7eb94ceec4a8d67a1890e22e51) Importer(815301076,1909f56bfc062723c751e8b465ee728b)  -> (artifact id: '5b2a042bb57664b4dcbdbeb438bbae66') in 0.033154 seconds 
========================================================================
Received Import Request.
  Time since last request: 0.000240 seconds.
  path: Assets/Packages/EnemyVision/Sprites/Capsule.png
  artifactKey: Guid(14488f1f7e2840a41a715f02de5fdcdf) Importer(815301076,1909f56bfc062723c751e8b465ee728b)
Start importing Assets/Packages/EnemyVision/Sprites/Capsule.png using Guid(14488f1f7e2840a41a715f02de5fdcdf) Importer(815301076,1909f56bfc062723c751e8b465ee728b)  -> (artifact id: 'd2636186646921bfb6f1ae5d17aa7aae') in 0.039726 seconds 
========================================================================
Received Import Request.
  Time since last request: 0.000257 seconds.
  path: Assets/Packages/Joystick Pack/Sprites/Vertical Backgrounds/Vertical_Outline.png
  artifactKey: Guid(f054197ef28924b4986cbd91de2ab054) Importer(815301076,1909f56bfc062723c751e8b465ee728b)
Start importing Assets/Packages/Joystick Pack/Sprites/Vertical Backgrounds/Vertical_Outline.png using Guid(f054197ef28924b4986cbd91de2ab054) Importer(815301076,1909f56bfc062723c751e8b465ee728b)  -> (artifact id: '6ee0813d0e0f809dcabf3fba1ee00b5f') in 0.022728 seconds 
========================================================================
Received Import Request.
  Time since last request: 0.000179 seconds.
  path: Assets/Packages/EnemyVision/Sprites/Tilemap/tile-slide-left.png
  artifactKey: Guid(e541601047018134ebfde1ba25d41313) Importer(815301076,1909f56bfc062723c751e8b465ee728b)
Start importing Assets/Packages/EnemyVision/Sprites/Tilemap/tile-slide-left.png using Guid(e541601047018134ebfde1ba25d41313) Importer(815301076,1909f56bfc062723c751e8b465ee728b)  -> (artifact id: '2d7a95a33d4fe56e094b3043718906f1') in 0.031194 seconds 
========================================================================
Received Import Request.
  Time since last request: 0.003281 seconds.
  path: Assets/Packages/EnemyVision/Sprites/Characters/police_idle_12.png
  artifactKey: Guid(3823e31391f532e45b4fc54f18b29745) Importer(815301076,1909f56bfc062723c751e8b465ee728b)
Start importing Assets/Packages/EnemyVision/Sprites/Characters/police_idle_12.png using Guid(3823e31391f532e45b4fc54f18b29745) Importer(815301076,1909f56bfc062723c751e8b465ee728b)  -> (artifact id: '289092e3755b9132337238022aa07f93') in 0.025817 seconds 
========================================================================
Received Import Request.
  Time since last request: 0.000588 seconds.
  path: Assets/Packages/Joystick Pack/Sprites/Horizontal Backgrounds/Horizontal_Plain_Arrows.png
  artifactKey: Guid(c8585b68a92b5d440992ddd7d1b1a3d6) Importer(815301076,1909f56bfc062723c751e8b465ee728b)
Start importing Assets/Packages/Joystick Pack/Sprites/Horizontal Backgrounds/Horizontal_Plain_Arrows.png using Guid(c8585b68a92b5d440992ddd7d1b1a3d6) Importer(815301076,1909f56bfc062723c751e8b465ee728b)  -> (artifact id: 'd085d4307a9d5f615ffc89c8f668f081') in 0.031821 seconds 
========================================================================
Received Prepare
Registering precompiled user dll's ...
Registered in 0.025488 seconds.
Begin MonoManager ReloadAssembly
Native extension for OSXStandalone target not found
Refreshing native plugins compatible for Editor in 2.10 ms, found 4 plugins.
Preloading 0 native plugins for Editor in 0.00 ms.
Mono: successfully reloaded assembly
- Completed reload, in  2.616 seconds
Domain Reload Profiling:
	ReloadAssembly (2618ms)
		BeginReloadAssembly (446ms)
			ExecutionOrderSort (0ms)
			DisableScriptedObjects (39ms)
			BackupInstance (0ms)
			ReleaseScriptingObjects (1ms)
			CreateAndSetChildDomain (165ms)
		EndReloadAssembly (2084ms)
			LoadAssemblies (346ms)
			RebuildTransferFunctionScriptingTraits (0ms)
			SetupTypeCache (482ms)
			ReleaseScriptCaches (1ms)
			RebuildScriptCaches (90ms)
			SetupLoadedEditorAssemblies (768ms)
				LogAssemblyErrors (0ms)
				InitializePlatformSupportModulesInManaged (10ms)
				SetLoadedEditorAssemblies (1ms)
				RefreshPlugins (2ms)
				BeforeProcessingInitializeOnLoad (66ms)
				ProcessInitializeOnLoadAttributes (595ms)
				ProcessInitializeOnLoadMethodAttributes (92ms)
				AfterProcessingInitializeOnLoad (2ms)
				EditorAssembliesLoaded (0ms)
			ExecutionOrderSort2 (0ms)
			AwakeInstancesAfterBackupRestoration (35ms)
Platform modules already initialized, skipping
Refreshing native plugins compatible for Editor in 1.81 ms, found 4 plugins.
Preloading 0 native plugins for Editor in 0.00 ms.
Unloading 2778 Unused Serialized files (Serialized files now loaded: 0)
System memory in use before: 312.8 MB.
System memory in use after: 310.9 MB.

Unloading 181 unused Assets to reduce memory usage. Loaded Objects now: 3963.
Total: 8.930448 ms (FindLiveObjects: 0.379947 ms CreateObjectMapping: 0.171814 ms MarkObjects: 7.632234 ms  DeleteObjects: 0.745202 ms)

AssetImportParameters requested are different than current active one (requested -> active):
  custom:video-decoder-ogg-theora: a1e56fd34408186e4bbccfd4996cb3dc -> 
  custom:container-muxer-webm: aa71ff27fc2769a1b78a27578f13a17b -> 
  custom:container-demuxer-webm: 4f35f7cbe854078d1ac9338744f61a02 -> 
  custom:container-demuxer-ogg: 62fdf1f143b41e24485cea50d1cbac27 -> 
  custom:video-encoder-webm-vp8: eb34c28f22e8b96e1ab97ce403110664 -> 
  custom:framework-osx-AVFoundation: b23960f63f64bdc6ff669e2cdcee2391 -> 
  custom:video-decoder-webm-vp8: 9c59270c3fd7afecdb556c50c9e8de78 -> 
  custom:audio-decoder-ogg-vorbis: bf7c407c2cedff20999df2af8eb42d56 -> 
  custom:audio-encoder-webm-vorbis: bf7c407c2cedff20999df2af8eb42d56 -> 
========================================================================
Received Prepare
Registering precompiled user dll's ...
Registered in 0.057946 seconds.
Begin MonoManager ReloadAssembly
Native extension for OSXStandalone target not found
Refreshing native plugins compatible for Editor in 2.70 ms, found 4 plugins.
Preloading 0 native plugins for Editor in 0.00 ms.
Mono: successfully reloaded assembly
- Completed reload, in  5.865 seconds
Domain Reload Profiling:
	ReloadAssembly (5869ms)
		BeginReloadAssembly (1317ms)
			ExecutionOrderSort (0ms)
			DisableScriptedObjects (79ms)
			BackupInstance (0ms)
			ReleaseScriptingObjects (0ms)
			CreateAndSetChildDomain (281ms)
		EndReloadAssembly (4389ms)
			LoadAssemblies (1868ms)
			RebuildTransferFunctionScriptingTraits (0ms)
			SetupTypeCache (961ms)
			ReleaseScriptCaches (1ms)
			RebuildScriptCaches (141ms)
			SetupLoadedEditorAssemblies (1846ms)
				LogAssemblyErrors (0ms)
				InitializePlatformSupportModulesInManaged (20ms)
				SetLoadedEditorAssemblies (1ms)
				RefreshPlugins (3ms)
				BeforeProcessingInitializeOnLoad (108ms)
				ProcessInitializeOnLoadAttributes (1544ms)
				ProcessInitializeOnLoadMethodAttributes (167ms)
				AfterProcessingInitializeOnLoad (3ms)
				EditorAssembliesLoaded (1ms)
			ExecutionOrderSort2 (0ms)
			AwakeInstancesAfterBackupRestoration (102ms)
Platform modules already initialized, skipping
Refreshing native plugins compatible for Editor in 2.67 ms, found 4 plugins.
Preloading 0 native plugins for Editor in 0.00 ms.
Unloading 2727 Unused Serialized files (Serialized files now loaded: 0)
System memory in use before: 311.0 MB.
System memory in use after: 309.1 MB.

Unloading 181 unused Assets to reduce memory usage. Loaded Objects now: 3966.
Total: 14.072963 ms (FindLiveObjects: 0.524424 ms CreateObjectMapping: 0.200558 ms MarkObjects: 12.485110 ms  DeleteObjects: 0.860541 ms)

AssetImportParameters requested are different than current active one (requested -> active):
  custom:video-decoder-ogg-theora: a1e56fd34408186e4bbccfd4996cb3dc -> 
  custom:container-muxer-webm: aa71ff27fc2769a1b78a27578f13a17b -> 
  custom:container-demuxer-webm: 4f35f7cbe854078d1ac9338744f61a02 -> 
  custom:container-demuxer-ogg: 62fdf1f143b41e24485cea50d1cbac27 -> 
  custom:video-encoder-webm-vp8: eb34c28f22e8b96e1ab97ce403110664 -> 
  custom:framework-osx-AVFoundation: b23960f63f64bdc6ff669e2cdcee2391 -> 
  custom:video-decoder-webm-vp8: 9c59270c3fd7afecdb556c50c9e8de78 -> 
  custom:audio-decoder-ogg-vorbis: bf7c407c2cedff20999df2af8eb42d56 -> 
  custom:audio-encoder-webm-vorbis: bf7c407c2cedff20999df2af8eb42d56 -> 
========================================================================
Received Import Request.
  Time since last request: 283.423546 seconds.
  path: Assets/Models/Noctis Engine Sword FFXV.fbx.fbx
  artifactKey: Guid(2271bb07c542f57429f0741ba722f8d7) Importer(815301076,1909f56bfc062723c751e8b465ee728b)
Start importing Assets/Models/Noctis Engine Sword FFXV.fbx.fbx using Guid(2271bb07c542f57429f0741ba722f8d7) Importer(815301076,1909f56bfc062723c751e8b465ee728b)  -> (artifact id: 'ffb11c491a4545a2b6436b438f1cd9f4') in 2.429393 seconds 
========================================================================
Received Import Request.
  Time since last request: 8.975728 seconds.
  path: Assets/Models/simple-shotgun/textures/shotgunSKF_albedo.jpeg
  artifactKey: Guid(35b9be9ef31b6476b9952e8eb1434eca) Importer(815301076,1909f56bfc062723c751e8b465ee728b)
Start importing Assets/Models/simple-shotgun/textures/shotgunSKF_albedo.jpeg using Guid(35b9be9ef31b6476b9952e8eb1434eca) Importer(815301076,1909f56bfc062723c751e8b465ee728b)  -> (artifact id: '55c129dd6a63639b2147712afcf20c82') in 1.715087 seconds 
========================================================================
Received Import Request.
  Time since last request: 0.000353 seconds.
  path: Assets/Models/simple-shotgun/textures/shotgunSKF_normal.png
  artifactKey: Guid(7ed97274515d3455aa40033d7696a208) Importer(815301076,1909f56bfc062723c751e8b465ee728b)
Start importing Assets/Models/simple-shotgun/textures/shotgunSKF_normal.png using Guid(7ed97274515d3455aa40033d7696a208) Importer(815301076,1909f56bfc062723c751e8b465ee728b)  -> (artifact id: '7dcfbaccd82230dd9ad7cbf8ef460fdb') in 0.020364 seconds 
========================================================================
Received Import Request.
  Time since last request: 0.000290 seconds.
  path: Assets/Models/simple-shotgun/textures/shotgunSKF_metallic.jpeg
  artifactKey: Guid(41d991c26915c41e49bfd649f6cda84d) Importer(815301076,1909f56bfc062723c751e8b465ee728b)
Start importing Assets/Models/simple-shotgun/textures/shotgunSKF_metallic.jpeg using Guid(41d991c26915c41e49bfd649f6cda84d) Importer(815301076,1909f56bfc062723c751e8b465ee728b)  -> (artifact id: '50fe9c26c832d7eceb6bd60d2d80de1e') in 0.024225 seconds 
========================================================================
Received Import Request.
  Time since last request: 0.000556 seconds.
  path: Assets/Models/simple-shotgun/textures/shotgunSKF_AO.jpeg
  artifactKey: Guid(d4c4af1e1db1a46f88b6e8251580508f) Importer(815301076,1909f56bfc062723c751e8b465ee728b)
Start importing Assets/Models/simple-shotgun/textures/shotgunSKF_AO.jpeg using Guid(d4c4af1e1db1a46f88b6e8251580508f) Importer(815301076,1909f56bfc062723c751e8b465ee728b)  -> (artifact id: 'ec83883139242626eafb820c6817c9b5') in 0.030170 seconds 
========================================================================
Received Import Request.
  Time since last request: 0.000974 seconds.
  path: Assets/Models/simple-shotgun/textures/shotgunSKF_roughness.jpeg
  artifactKey: Guid(01c093655915d42e891c30be777bdaf1) Importer(815301076,1909f56bfc062723c751e8b465ee728b)
Start importing Assets/Models/simple-shotgun/textures/shotgunSKF_roughness.jpeg using Guid(01c093655915d42e891c30be777bdaf1) Importer(815301076,1909f56bfc062723c751e8b465ee728b)  -> (artifact id: '73a95816bd0e28800a32c72e3c64b596') in 0.009346 seconds 
========================================================================
Received Import Request.
  Time since last request: 36.842862 seconds.
  path: Assets/Models/simple-shotgun/source/shotgun.fbx
  artifactKey: Guid(5ee0a4cb291044376991671104ba2221) Importer(815301076,1909f56bfc062723c751e8b465ee728b)
Start importing Assets/Models/simple-shotgun/source/shotgun.fbx using Guid(5ee0a4cb291044376991671104ba2221) Importer(815301076,1909f56bfc062723c751e8b465ee728b)  -> (artifact id: '87ecb6ec97931bda615759e918573cc9') in 0.532188 seconds 
========================================================================
Received Prepare
Registering precompiled user dll's ...
Registered in 0.082315 seconds.
Begin MonoManager ReloadAssembly
Native extension for OSXStandalone target not found
Refreshing native plugins compatible for Editor in 2.43 ms, found 4 plugins.
Preloading 0 native plugins for Editor in 0.00 ms.
Mono: successfully reloaded assembly
- Completed reload, in  2.779 seconds
Domain Reload Profiling:
	ReloadAssembly (2780ms)
		BeginReloadAssembly (687ms)
			ExecutionOrderSort (0ms)
			DisableScriptedObjects (32ms)
			BackupInstance (0ms)
			ReleaseScriptingObjects (0ms)
			CreateAndSetChildDomain (164ms)
		EndReloadAssembly (2006ms)
			LoadAssemblies (779ms)
			RebuildTransferFunctionScriptingTraits (0ms)
			SetupTypeCache (519ms)
			ReleaseScriptCaches (2ms)
			RebuildScriptCaches (93ms)
			SetupLoadedEditorAssemblies (773ms)
				LogAssemblyErrors (0ms)
				InitializePlatformSupportModulesInManaged (10ms)
				SetLoadedEditorAssemblies (3ms)
				RefreshPlugins (2ms)
				BeforeProcessingInitializeOnLoad (66ms)
				ProcessInitializeOnLoadAttributes (606ms)
				ProcessInitializeOnLoadMethodAttributes (85ms)
				AfterProcessingInitializeOnLoad (1ms)
				EditorAssembliesLoaded (0ms)
			ExecutionOrderSort2 (0ms)
			AwakeInstancesAfterBackupRestoration (31ms)
Platform modules already initialized, skipping
Refreshing native plugins compatible for Editor in 2.13 ms, found 4 plugins.
Preloading 0 native plugins for Editor in 0.00 ms.
Unloading 2732 Unused Serialized files (Serialized files now loaded: 0)
System memory in use before: 326.8 MB.
System memory in use after: 325.0 MB.

Unloading 181 unused Assets to reduce memory usage. Loaded Objects now: 4084.
Total: 9.749583 ms (FindLiveObjects: 0.486705 ms CreateObjectMapping: 0.200403 ms MarkObjects: 7.920998 ms  DeleteObjects: 1.140088 ms)

AssetImportParameters requested are different than current active one (requested -> active):
  custom:video-decoder-ogg-theora: a1e56fd34408186e4bbccfd4996cb3dc -> 
  custom:container-muxer-webm: aa71ff27fc2769a1b78a27578f13a17b -> 
  custom:container-demuxer-webm: 4f35f7cbe854078d1ac9338744f61a02 -> 
  custom:container-demuxer-ogg: 62fdf1f143b41e24485cea50d1cbac27 -> 
  custom:video-encoder-webm-vp8: eb34c28f22e8b96e1ab97ce403110664 -> 
  custom:framework-osx-AVFoundation: b23960f63f64bdc6ff669e2cdcee2391 -> 
  custom:video-decoder-webm-vp8: 9c59270c3fd7afecdb556c50c9e8de78 -> 
  custom:audio-decoder-ogg-vorbis: bf7c407c2cedff20999df2af8eb42d56 -> 
  custom:audio-encoder-webm-vorbis: bf7c407c2cedff20999df2af8eb42d56 -> 
========================================================================
Received Import Request.
  Time since last request: 637.487114 seconds.
  path: Assets/Animations/Enemy/Firing Rifle.fbx
  artifactKey: Guid(94cafcc0515094a5989cecfc29aa4fc8) Importer(815301076,1909f56bfc062723c751e8b465ee728b)
Start importing Assets/Animations/Enemy/Firing Rifle.fbx using Guid(94cafcc0515094a5989cecfc29aa4fc8) Importer(815301076,1909f56bfc062723c751e8b465ee728b)  -> (artifact id: '7558959f75b1396b9ea52bcedf94c538') in 1.671574 seconds 
========================================================================
Received Import Request.
  Time since last request: 5.344355 seconds.
  path: Assets/Animations/Enemy/Rifle Idle.fbx
  artifactKey: Guid(1af13baa563c94f56bf1a23c1d1f0dc6) Importer(815301076,1909f56bfc062723c751e8b465ee728b)
Start importing Assets/Animations/Enemy/Rifle Idle.fbx using Guid(1af13baa563c94f56bf1a23c1d1f0dc6) Importer(815301076,1909f56bfc062723c751e8b465ee728b)  -> (artifact id: '8316df01a921b9bb40502a980de58026') in 0.019856 seconds 
========================================================================
Received Import Request.
  Time since last request: 9.487224 seconds.
  path: Assets/Animations/Enemy/Walk With Rifle.fbx
  artifactKey: Guid(f90703ad0b9ec4c14bec6df8216f2870) Importer(815301076,1909f56bfc062723c751e8b465ee728b)
Start importing Assets/Animations/Enemy/Walk With Rifle.fbx using Guid(f90703ad0b9ec4c14bec6df8216f2870) Importer(815301076,1909f56bfc062723c751e8b465ee728b)  -> (artifact id: '7216ee1f9c97f82363e89ef2fb32ec61') in 0.018228 seconds 
========================================================================
Received Import Request.
  Time since last request: 59.625946 seconds.
  path: Assets/Animations/Enemy/Idle enemy.controller
  artifactKey: Guid(8d5f3a8f3a8ed4435b1c6d49061bc927) Importer(815301076,1909f56bfc062723c751e8b465ee728b)
Start importing Assets/Animations/Enemy/Idle enemy.controller using Guid(8d5f3a8f3a8ed4435b1c6d49061bc927) Importer(815301076,1909f56bfc062723c751e8b465ee728b)  -> (artifact id: 'f31ebde3673cd4d4c96c54af70a010d5') in 1.061432 seconds 
========================================================================
Received Import Request.
  Time since last request: 9.771257 seconds.
  path: Assets/Animations/Enemy/mixamo.com.anim
  artifactKey: Guid(bb48da7ebd6184234bb8547721415a27) Importer(815301076,1909f56bfc062723c751e8b465ee728b)
Start importing Assets/Animations/Enemy/mixamo.com.anim using Guid(bb48da7ebd6184234bb8547721415a27) Importer(815301076,1909f56bfc062723c751e8b465ee728b)  -> (artifact id: '92d2fbc09cd46f426edcbf171bddcc33') in 0.549679 seconds 
========================================================================
Received Import Request.
  Time since last request: 5.517270 seconds.
  path: Assets/Animations/Enemy/rifle walk.anim
  artifactKey: Guid(bb48da7ebd6184234bb8547721415a27) Importer(815301076,1909f56bfc062723c751e8b465ee728b)
Start importing Assets/Animations/Enemy/rifle walk.anim using Guid(bb48da7ebd6184234bb8547721415a27) Importer(815301076,1909f56bfc062723c751e8b465ee728b)  -> (artifact id: 'c9d5dc8ae63ee487a3e16e5d78c8c697') in 0.013589 seconds 
========================================================================
Received Import Request.
  Time since last request: 17.611379 seconds.
  path: Assets/Animations/Enemy/mixamo.com.anim
  artifactKey: Guid(34dd31b2a86e047d48c39513cb8875c3) Importer(815301076,1909f56bfc062723c751e8b465ee728b)
Start importing Assets/Animations/Enemy/mixamo.com.anim using Guid(34dd31b2a86e047d48c39513cb8875c3) Importer(815301076,1909f56bfc062723c751e8b465ee728b)  -> (artifact id: 'c3ae1f84e7fa965958b60be37bbf63b5') in 0.013288 seconds 
========================================================================
Received Import Request.
  Time since last request: 6.501714 seconds.
  path: Assets/Animations/Enemy/Idle rifle.anim
  artifactKey: Guid(34dd31b2a86e047d48c39513cb8875c3) Importer(815301076,1909f56bfc062723c751e8b465ee728b)
Start importing Assets/Animations/Enemy/Idle rifle.anim using Guid(34dd31b2a86e047d48c39513cb8875c3) Importer(815301076,1909f56bfc062723c751e8b465ee728b)  -> (artifact id: 'abcc5ca167244c80c81ba1fb4d06a478') in 0.010756 seconds 
========================================================================
Received Import Request.
  Time since last request: 13.452245 seconds.
  path: Assets/Animations/Enemy/mixamo.com.anim
  artifactKey: Guid(a32d9ffda99ae48ae95946722c3c1ffd) Importer(815301076,1909f56bfc062723c751e8b465ee728b)
Start importing Assets/Animations/Enemy/mixamo.com.anim using Guid(a32d9ffda99ae48ae95946722c3c1ffd) Importer(815301076,1909f56bfc062723c751e8b465ee728b)  -> (artifact id: 'ddf3b30ee72b4501f3324750d96f5dbb') in 0.012191 seconds 
========================================================================
Received Import Request.
  Time since last request: 9.731613 seconds.
  path: Assets/Animations/Enemy/firing rifle.anim
  artifactKey: Guid(a32d9ffda99ae48ae95946722c3c1ffd) Importer(815301076,1909f56bfc062723c751e8b465ee728b)
Start importing Assets/Animations/Enemy/firing rifle.anim using Guid(a32d9ffda99ae48ae95946722c3c1ffd) Importer(815301076,1909f56bfc062723c751e8b465ee728b)  -> (artifact id: '5195c4626b57d2accc52c90cb0b2e2b6') in 0.011524 seconds 
========================================================================
Received Import Request.
  Time since last request: 76.037436 seconds.
  path: Assets/Animations/Enemy/Enemy.controller
  artifactKey: Guid(8d5f3a8f3a8ed4435b1c6d49061bc927) Importer(815301076,1909f56bfc062723c751e8b465ee728b)
Start importing Assets/Animations/Enemy/Enemy.controller using Guid(8d5f3a8f3a8ed4435b1c6d49061bc927) Importer(815301076,1909f56bfc062723c751e8b465ee728b)  -> (artifact id: '768e00412b1106b6edbd9ab6f4866769') in 0.075172 seconds 
========================================================================
Received Import Request.
  Time since last request: 1.313702 seconds.
  path: Assets/Animations/Enemy/Walking enemy.controller
  artifactKey: Guid(ac2d2d54948e5b54a9565dd595626d2d) Importer(815301076,1909f56bfc062723c751e8b465ee728b)
Start importing Assets/Animations/Enemy/Walking enemy.controller using Guid(ac2d2d54948e5b54a9565dd595626d2d) Importer(815301076,1909f56bfc062723c751e8b465ee728b)  -> (artifact id: '7fa561403b80a97f6ccc605ea99c42f0') in 0.070311 seconds 
========================================================================
Received Prepare
Registering precompiled user dll's ...
Registered in 0.251073 seconds.
