Using pre-set license
Pro License: NO

 COMMAND LINE ARGUMENTS:
/Applications/Unity/Hub/Editor/2021.1.16f1/Unity.app/Contents/MacOS/Unity
-adb2
-batchMode
-noUpm
-name
AssetImportWorker4
-projectPath
/Users/nikitapestov/Documents/GitHub/Teleport Ninja
-logFile
Logs/AssetImportWorker4.log
-srvPort
52063
Successfully changed project path to: /Users/nikitapestov/Documents/GitHub/Teleport Ninja
/Users/nikitapestov/Documents/GitHub/Teleport Ninja
Using Asset Import Pipeline V2.
Refreshing native plugins compatible for Editor in 1146.67 ms, found 4 plugins.
Preloading 0 native plugins for Editor in 0.00 ms.
Initialize engine version: 2021.1.16f1 (5fa502fca597)
[Subsystems] Discovering subsystems at path /Applications/Unity/Hub/Editor/2021.1.16f1/Unity.app/Contents/Resources/UnitySubsystems
[Subsystems] Discovering subsystems at path /Users/nikitapestov/Documents/GitHub/Teleport Ninja/Assets
GfxDevice: creating device client; threaded=0; jobified=0
2022-02-23 12:51:48.600 Unity[17228:3715065] Color LCD preferred device: Intel(R) Iris(TM) Plus Graphics 650 (low power)
2022-02-23 12:51:48.600 Unity[17228:3715065] Metal devices available: 1
2022-02-23 12:51:48.600 Unity[17228:3715065] 0: Intel(R) Iris(TM) Plus Graphics 650 (low power)
2022-02-23 12:51:48.611 Unity[17228:3715065] Using device Intel(R) Iris(TM) Plus Graphics 650 (low power)
Initializing Metal device caps: Intel(R) Iris(TM) Plus Graphics 650
Initialize mono
Mono path[0] = '/Applications/Unity/Hub/Editor/2021.1.16f1/Unity.app/Contents/Managed'
Mono path[1] = '/Applications/Unity/Hub/Editor/2021.1.16f1/Unity.app/Contents/MonoBleedingEdge/lib/mono/unityjit'
Mono config path = '/Applications/Unity/Hub/Editor/2021.1.16f1/Unity.app/Contents/MonoBleedingEdge/etc'
Using monoOptions --debugger-agent=transport=dt_socket,embedding=1,server=y,suspend=n,address=127.0.0.1:56228
Begin MonoManager ReloadAssembly
Registering precompiled unity dll's ...
Register platform support module: /Applications/Unity/Hub/Editor/2021.1.16f1/Unity.app/Contents/PlaybackEngines/MacStandaloneSupport/UnityEditor.OSXStandalone.Extensions.dll
Registered in 0.002033 seconds.
Native extension for OSXStandalone target not found
Refreshing native plugins compatible for Editor in 765.90 ms, found 4 plugins.
Preloading 0 native plugins for Editor in 0.00 ms.
Mono: successfully reloaded assembly
- Completed reload, in 22.357 seconds
Domain Reload Profiling:
	ReloadAssembly (22358ms)
		BeginReloadAssembly (1037ms)
			ExecutionOrderSort (0ms)
			DisableScriptedObjects (0ms)
			BackupInstance (0ms)
			ReleaseScriptingObjects (0ms)
			CreateAndSetChildDomain (2ms)
		EndReloadAssembly (3945ms)
			LoadAssemblies (1073ms)
			RebuildTransferFunctionScriptingTraits (22ms)
			SetupTypeCache (525ms)
			ReleaseScriptCaches (0ms)
			RebuildScriptCaches (589ms)
			SetupLoadedEditorAssemblies (2221ms)
				LogAssemblyErrors (0ms)
				InitializePlatformSupportModulesInManaged (24ms)
				SetLoadedEditorAssemblies (1ms)
				RefreshPlugins (766ms)
				BeforeProcessingInitializeOnLoad (24ms)
				ProcessInitializeOnLoadAttributes (1107ms)
				ProcessInitializeOnLoadMethodAttributes (296ms)
				AfterProcessingInitializeOnLoad (0ms)
				EditorAssembliesLoaded (1ms)
			ExecutionOrderSort2 (0ms)
			AwakeInstancesAfterBackupRestoration (0ms)
Platform modules already initialized, skipping
Registering precompiled user dll's ...
Registered in 0.044872 seconds.
