Using pre-set license
Pro License: NO

 COMMAND LINE ARGUMENTS:
/Applications/Unity/Hub/Editor/2021.1.16f1/Unity.app/Contents/MacOS/Unity
-adb2
-batchMode
-noUpm
-name
AssetImportWorker8
-projectPath
/Users/nikitapestov/Documents/GitHub/Teleport Ninja
-logFile
Logs/AssetImportWorker8.log
-srvPort
52063
Successfully changed project path to: /Users/nikitapestov/Documents/GitHub/Teleport Ninja
/Users/nikitapestov/Documents/GitHub/Teleport Ninja
Using Asset Import Pipeline V2.
Refreshing native plugins compatible for Editor in 2954.56 ms, found 4 plugins.
Preloading 0 native plugins for Editor in 0.00 ms.
Initialize engine version: 2021.1.16f1 (5fa502fca597)
[Subsystems] Discovering subsystems at path /Applications/Unity/Hub/Editor/2021.1.16f1/Unity.app/Contents/Resources/UnitySubsystems
[Subsystems] Discovering subsystems at path /Users/nikitapestov/Documents/GitHub/Teleport Ninja/Assets
GfxDevice: creating device client; threaded=0; jobified=0
2022-02-23 12:54:13.615 Unity[17289:3717485] Color LCD preferred device: Intel(R) Iris(TM) Plus Graphics 650 (low power)
2022-02-23 12:54:13.615 Unity[17289:3717485] Metal devices available: 1
2022-02-23 12:54:13.615 Unity[17289:3717485] 0: Intel(R) Iris(TM) Plus Graphics 650 (low power)
2022-02-23 12:54:13.620 Unity[17289:3717485] Using device Intel(R) Iris(TM) Plus Graphics 650 (low power)
Initializing Metal device caps: Intel(R) Iris(TM) Plus Graphics 650
Initialize mono
Mono path[0] = '/Applications/Unity/Hub/Editor/2021.1.16f1/Unity.app/Contents/Managed'
Mono path[1] = '/Applications/Unity/Hub/Editor/2021.1.16f1/Unity.app/Contents/MonoBleedingEdge/lib/mono/unityjit'
Mono config path = '/Applications/Unity/Hub/Editor/2021.1.16f1/Unity.app/Contents/MonoBleedingEdge/etc'
Using monoOptions --debugger-agent=transport=dt_socket,embedding=1,server=y,suspend=n,address=127.0.0.1:56289
Begin MonoManager ReloadAssembly
